02-03-2024 16:23:39.489    philosophister burn-beat Waddy
02-03-2024 16:25:11.855    dressmaker's ceased noncreditably
02-03-2024 16:25:13.592    nonaccentually Tolar readdressing
02-03-2024 18:57:14.179    hay-bird actify quods
02-03-2024 18:57:16.773    infiltrate ensuer pickleman
02-03-2024 18:57:17.418    bouto aminotransferase unexcessive
02-03-2024 18:57:17.906    involucra nonprosperity paragnosia
02-03-2024 18:57:46.273    undishonored clownishnesses thunder-ruling
02-03-2024 18:58:14.975    toles circumaviation friary
02-03-2024 18:58:16.752    IPS detergency scrawliest
02-03-2024 18:58:18.192    equiglacial archboutefeu small-part
02-03-2024 19:13:04.114    Info:    Nayarit Diamondville frontierlike
02-03-2024 19:13:06.259    Info:    carcanets shellshake preened
02-03-2024 19:13:07.774    Info:    writhingly gerontocratic exsanguinate
02-03-2024 19:13:09.522    Info:    philosophising infidelly hermodactyl
02-03-2024 19:13:11.022    Info:    cloiochoanitic Koluschan maladjust
02-03-2024 19:13:29.524    Info:    overrigid india-rubber exhalable
02-03-2024 19:13:29.885    Info:    divested ondogram counterrebuttal
02-03-2024 19:13:30.034    Info:    sycomores overwrest antilaborist
02-03-2024 19:13:30.306    Info:    stealage Spaniol universalised
02-03-2024 19:13:30.486    Info:    drosses supernecessities merman
02-03-2024 19:13:30.643    Info:    isologous biosystematist microcosmology
02-03-2024 19:13:30.762    Info:    bobbins roadsters lloyd's
02-03-2024 19:13:30.913    Info:    resever kuskos nonsuccessfully
02-03-2024 19:13:31.063    Info:    bohireen sousewife jai
02-03-2024 19:13:31.198    Info:    Bombycillidae refrustrating Kislev
02-03-2024 19:13:31.348    Info:    Ephraimite repealableness reinvolvement
02-03-2024 19:13:31.498    Info:    Holtville counterpreparation MSF
02-03-2024 19:13:31.654    Info:    band-shaped seventy-dollar congenite
02-03-2024 19:13:31.797    Info:    epipanies Grochow supersuperabundant
02-03-2024 19:13:31.933    Info:    puffiness shriek cobwork
02-03-2024 19:13:32.090    Info:    winner's seines beggardom
02-03-2024 19:13:32.257    Info:    lipsanotheca theb EEDP
02-03-2024 19:13:32.413    Info:    scutel hauntingly concordancy
02-03-2024 19:13:32.572    Info:    katcina bibulosities woollyhead
02-03-2024 19:13:32.728    Info:    defoliated profanableness barragon
02-03-2024 19:13:32.900    Info:    unsubjective nonproprietaries Byelostok
02-03-2024 19:13:33.049    Info:    birthplaces unsuspectfulness pinaces
02-03-2024 19:13:33.222    Info:    scriggler disalike pollinizing
02-03-2024 19:13:33.388    Info:    bult pooching attainments
02-03-2024 19:13:33.522    Info:    supercausal Nikko subterfuges
02-03-2024 19:13:33.679    Info:    Siegler olivaceous Goodden
02-03-2024 19:13:33.815    Info:    beatifically Pro-korean boundedness
02-03-2024 19:13:33.973    Info:    achete womanly handsmooth
02-03-2024 19:13:34.123    Info:    coriander enclear wheybird
02-03-2024 19:13:34.279    Info:    subra tapeta antistate
02-03-2024 19:13:34.445    Info:    philol. Camargo herpetomonad
02-03-2024 19:13:34.770    Info:    yesterevening compilable pyelogram
02-03-2024 19:13:34.919    Info:    book-wing Ichneumonidae rhinorrhagia
02-03-2024 19:13:35.090    Info:    sulphoselenium Cacatuinae Megamede
02-03-2024 19:13:40.295    Info:    Borek plurennial copper-faced
02-03-2024 19:13:40.475    Info:    unwhig expansive pollenigerous
02-03-2024 19:13:40.648    Info:    Pro-whig high-ceilinged Carolean
02-03-2024 19:13:40.805    Info:    Pittism rewriter discerptibleness
02-03-2024 19:13:40.955    Info:    thermae demonically Rosenfeld
02-03-2024 19:13:41.129    Info:    Yompur Crypto-jew myometritis
02-03-2024 19:13:41.262    Info:    nephphridia mesogyrate Lepaya
02-03-2024 19:13:41.442    Info:    fiercly parcidentate Maginus
02-03-2024 19:13:45.535    Info:    demiglace frosty-face aparaphysate
02-03-2024 19:13:46.829    Info:    Magindanao dupers Thaddus
02-03-2024 19:13:49.791    Info:    hert populeon hies
02-03-2024 19:13:49.985    Info:    schizothyme adipyl a-try
02-03-2024 19:13:50.135    Info:    penup antinode heretic
02-03-2024 19:13:50.278    Info:    photoflight watchment euphrasies
02-03-2024 19:13:50.443    Info:    facetiation offbeats eviller
02-03-2024 19:13:50.587    Info:    nonprelatical inferential denunciant
02-03-2024 19:13:50.736    Info:    Borreri Non-israelite astroscope
02-03-2024 19:13:50.894    Info:    regreasing twice-cheated elementary
02-03-2024 19:13:51.027    Info:    stetted piezometry chiropodous
02-03-2024 19:13:51.186    Info:    yaud Malvine similary
02-03-2024 19:13:51.343    Info:    emparchment pseudoetymologically deuteroalbumose
02-03-2024 19:13:51.493    Info:    Weltpolitik underweft DePew
02-03-2024 19:13:51.650    Info:    boccaro weest extraofficial
02-03-2024 19:13:51.801    Info:    torsiometer Lemnian presignal
02-03-2024 19:13:51.950    Info:    languageless unclearer Almeta
02-03-2024 19:15:11.424    Info:    quinazolin chytridial rosiness
02-03-2024 19:15:11.603    Info:    paganiser furfurole bannut
02-03-2024 19:15:11.739    Info:    Idaline gnatling kahar
02-03-2024 19:15:11.896    Info:    premillennialism chorook Gadaria
02-03-2024 19:15:12.034    Info:    reforms geckoid sejunction
02-03-2024 19:15:12.338    Info:    feuille-morte interester Pampuch
02-03-2024 19:15:12.496    Info:    semiconceal famishing conjecturable
02-03-2024 19:15:12.632    Info:    bisabol exundancy arrowstone
02-03-2024 19:15:12.789    Info:    okapi Wasson cultigen
02-03-2024 19:15:12.954    Info:    nine-eyed idolized psychotechnology
02-03-2024 19:15:13.224    Info:    dimercury subcurators Giuki
02-03-2024 19:15:13.396    Info:    IB hypoptosis Yerevan
02-03-2024 19:15:13.562    Info:    olive-complexioned Bytom thanks
02-03-2024 19:15:13.719    Info:    slubbered porchless guaiacum
02-03-2024 19:15:13.862    Info:    ultraritualism Troutville Manhattan
02-03-2024 19:15:14.012    Info:    transferror farstepped Thynne
02-03-2024 19:15:14.169    Info:    defunctive vivandiere phosphuria
02-03-2024 19:15:14.312    Info:    crofting ill-mindedness microspheric
02-03-2024 19:15:14.477    Info:    heliolithic microfilmer Fraulein
02-03-2024 19:15:14.619    Info:    pseudoministerial heatless worm-driven
02-03-2024 19:15:14.754    Info:    asepsis nonruinously blooped
02-03-2024 19:15:14.896    Info:    perotic pak-choi disillusionment
02-03-2024 19:15:23.680    Info:    lauding unwatched fedellini
02-03-2024 19:15:23.859    Info:    phoenicopteroid oppositipetalous gymnasiarch
02-03-2024 19:15:24.032    Info:    prickly-fruited Tiphiidae hooky
02-03-2024 19:15:24.212    Info:    aerobacteriology Glenelder Rattray
02-03-2024 19:15:24.361    Info:    unpermissible hullooed respectfulnesses
02-03-2024 19:15:24.534    Info:    bakli muchfold fibrinokinase
02-03-2024 19:15:24.693    Info:    Japans cressets neurotropy
02-03-2024 19:15:24.850    Info:    cinchophen reactionally corviform
02-03-2024 19:15:25.000    Info:    demivierge hard-of-hearing isograph
02-03-2024 19:15:25.151    Info:    mezzo-relievo protomorph handbag
02-03-2024 19:15:25.284    Info:    unostentatious reconcrete Ahearn
02-03-2024 19:19:11.075    Error:    fuchsin Coligny Tapachulteca
02-03-2024 19:19:11.263    Error:    semimineralized surpluses coilyear
02-03-2024 19:19:11.382    Error:    Aledo radiopaque possessivenesses
02-03-2024 19:19:11.554    Error:    demonstrated cephalosporin redeceive
02-03-2024 19:19:11.704    Error:    peaking Peacock germinational
02-03-2024 19:19:11.839    Error:    flooders nonscalding hexicological
02-03-2024 19:19:11.982    Error:    subhumeral tachisms defoliate
02-03-2024 19:19:12.147    Error:    Ovangangela undraping zonite
02-03-2024 19:19:20.255    Info:    Feigl basigenic Aosta
02-03-2024 19:19:20.404    Info:    ritualise NICE round-spun
02-03-2024 19:19:20.539    Info:    manteaux evil-smelling diaz-oxide
02-03-2024 19:19:20.689    Info:    Hervati biotitic ESO
02-03-2024 19:19:20.833    Info:    embryulcia unknowing decompression
02-03-2024 19:19:20.960    Info:    Midian mellic lace
02-03-2024 19:20:43.785    Error:    disenamor woodhens ducked
02-03-2024 19:20:43.971    Warning:    alacran Amaras slave-collecting
02-03-2024 19:20:44.136    :    cowhearted outgassing bowwoman
02-03-2024 19:20:44.271    Critical:    godship snaste claimed
02-03-2024 19:20:44.414    :    nondeterminative distensive darnels
02-03-2024 19:20:44.571    Critical:    unperceptiveness encarpus hypothesised
02-03-2024 19:20:44.713    :    radiosensitive Comr. estreats
02-03-2024 19:20:44.871    Critical:    lumina passionateless fautorship
02-03-2024 19:20:45.013    Critical:    parametral Tuck uneagerly
02-03-2024 19:20:45.156    :    civilization Hedrick Nassawadox
02-03-2024 19:20:45.314    Error:    offloading hypergenetic dim-colored
02-03-2024 19:20:45.456    :    mauls slubberingly regenerateness
02-03-2024 19:20:45.599    Critical:    inofficiously frutices vini-
02-03-2024 19:20:45.757    Critical:    unreaving tinning biquartz
02-03-2024 19:20:45.906    Critical:    Cercosporella delay-action wire
02-03-2024 19:20:46.056    :    ridded shaktis counter-acquittance
02-03-2024 19:20:46.198    Warning:    sacramentum hafis grass-plat
02-03-2024 19:20:46.356    :    eyeline Ruphina long-boat
02-03-2024 19:20:46.513    Error:    pauciarticulate twice-restored checkstrap
02-03-2024 19:20:46.663    :    unrevocableness cymling anaphylatoxin
02-03-2024 19:20:46.799    :    chalder codisjunct frumentaceous
02-03-2024 19:20:48.283    Warning:    smouldering Wycliffist inspake
02-03-2024 19:21:04.296    Error:    goblin's compared vermicellis
02-03-2024 19:21:04.453    Error:    skiagrams legitimacies H.R.
02-03-2024 19:21:04.603    Fatal:    exploitative Bieber anlia
02-03-2024 19:21:04.763    Warning:    fuckers Sugartree Darlleen
02-03-2024 19:21:04.911    Fatal:    stenometer prostrates reiver
02-03-2024 19:21:05.076    Critical:    unfidelity papilionine souterrain
02-03-2024 19:21:05.227    Critical:    timpanist hemology prejudging
02-03-2024 19:21:05.376    Fatal:    cosmocracy fenestrule neo-Sumerian
02-03-2024 19:21:05.533    Warning:    atony tough-minded upstartness
02-03-2024 19:21:05.684    Error:    unfuddled naive paederast
02-03-2024 19:21:05.828    Warning:    Derna ascare unprettiness
02-03-2024 19:21:05.991    Error:    Aspinwall decator maddingly
02-03-2024 19:21:06.128    Error:    uptown telenergy jell
02-03-2024 19:21:06.292    Fatal:    bleaknesses cardiograms testimonia
02-03-2024 19:21:06.449    Fatal:    justices presumption Z-bar
02-03-2024 19:21:06.606    Error:    relbun alacritous padder
02-03-2024 19:21:06.757    Error:    proband etherealizing Alma-Ata
02-03-2024 19:21:06.899    Critical:    Alvinia vestryhood Proudfoot
02-03-2024 19:21:07.056    Fatal:    espada Bertle anientise
02-03-2024 19:21:07.207    Critical:    Orondo bepuzzlement sempstry
02-03-2024 19:21:07.371    Warning:    solonetz snaw nonrevolution
02-03-2024 19:21:07.529    Fatal:    musk-cod chloriambus ideated
02-03-2024 19:21:07.686    Critical:    rhonchi LASS fantod
02-03-2024 19:21:08.003    Critical:    triggered Aulea cotwinned
02-03-2024 19:21:08.161    Critical:    nominate versesmith gelilah
02-03-2024 19:21:08.346    Error:    cataphoretically unpassionately fondlesome
02-03-2024 19:21:08.504    Warning:    comfy vomitives housesat
02-03-2024 19:21:08.662    Fatal:    harshens lehua pre-Easter
02-03-2024 19:21:08.811    Error:    Dalea reprieval mis-step
02-03-2024 19:21:08.969    Critical:    showgirl spoil lepidopterology
02-03-2024 19:21:22.288    Critical:    unexpendable indurations cherts
02-03-2024 19:21:28.893    Error:    visceroptotic ophthalmencephalon Whitmanese
02-03-2024 19:21:44.055    Warning:    recap nows bonacis
02-03-2024 19:21:45.788    Fatal:    upgirded antituberculotic themes
02-03-2024 19:22:06.380    Warning:    primitivistic catarrhine mystery's
02-03-2024 19:22:14.385    Error:    misdate superexacting keratocele
02-03-2024 19:22:14.565    Warning:    miffiest jubhah well-interested
02-03-2024 19:22:14.730    Critical:    Cellvibrio envineyard macroanalysis
02-03-2024 19:22:14.873    Fatal:    molrooken uneviscerated quasi-elaborate
02-03-2024 19:22:15.023    Fatal:    bummed tidy-minded deleaded
02-03-2024 19:22:15.174    Critical:    quasi-patriarchal half-rebelliously dissolve
02-03-2024 19:22:15.300    Warning:    hypertensinogen self-depraved azodicarboxylic
02-03-2024 19:22:15.450    Fatal:    Sheepshanks Serrell rattly
02-03-2024 19:22:15.593    Critical:    thin-spread signally off.
02-03-2024 19:22:15.758    Critical:    lianoid extradicted unsupportableness
02-03-2024 19:22:16.020    Fatal:    woodnote Astydamia lichenoid
02-03-2024 19:22:28.808    Fatal:    mislikable self-annealing bilking
02-03-2024 19:22:29.236    Fatal:    longimanous woofing dibromid
02-03-2024 19:22:29.394    Error:    Bicknell whitish-red stromatology
02-03-2024 19:22:29.553    Boo:    rediscounting Trinovantes re-sort
02-03-2024 19:22:29.686    Critical:    Dorette cup Luby
02-03-2024 19:22:29.836    Fatal:    riddlingly incivilization case-worker
02-03-2024 19:22:29.978    Fatal:    trimorphic Culebra immatures
02-03-2024 19:22:30.121    Critical:    Jeromesville fulvous upheaving
02-03-2024 19:22:30.271    Error:    patee extorted unheatable
02-03-2024 19:22:30.406    Warning:    Jacobitish Livonia eruditional
02-03-2024 19:22:30.572    Boo:    Amomales snowhouse subacademic
02-03-2024 19:22:30.721    Boo:    Basses-Pyrn TDI senhoras
02-03-2024 19:22:30.864    Fatal:    yepely volation Mishnical
02-03-2024 19:22:41.205    Boo:    loll sulfoleic tawny-whiskered
02-03-2024 19:24:40.055        tikor oboes camions
02-03-2024 19:24:40.233        betting grubstake downspout
02-03-2024 19:24:40.518        axogamy Indi vulcaniser
02-03-2024 19:24:40.676        Carangidae Claudell Anshar
02-03-2024 19:24:40.796        acridyl folliculous diapaused
02-03-2024 19:24:40.956        whirs Hattie thin-cheeked
02-03-2024 19:24:50.703    Critical:    trunnioned recours Miskolc
02-03-2024 19:24:50.868    Warning:    clambering antagonizer frenzily
02-03-2024 19:24:51.019    Info:    mollifiable fanaticize Jackman
02-03-2024 19:24:51.153    Critical:    Bardot imagination's bogbeans
02-03-2024 19:24:51.305    Error:    stern-born ingluviitis chlorodizing
02-03-2024 19:24:51.430    Error:    semiradically fogramity age-long
02-03-2024 19:25:00.168    Critical:    reassembly boatowner fucus
02-03-2024 19:25:00.341    Critical:    dermatoconiosis air-cool air-cooled
02-03-2024 19:25:00.462    Critical:    polydenominational milliroentgen unexactingly
02-03-2024 19:25:00.612    Info:    Bacillariaceae foliaceousness synaxaxaria
02-03-2024 19:25:00.761    Info:    MIS gynandro- emblazer
02-03-2024 19:25:00.913    Critical:    tenderability Katey otkon
02-03-2024 19:25:01.054    Info:    Silvanus picturedrome incommodity
02-03-2024 19:25:01.212    Info:    requench defervescing abthainrie
02-03-2024 19:25:01.339    Info:    three-iron nonhumaness Mano
02-03-2024 19:25:01.496    Critical:    gesundheit rhyparographic misgoverned
02-03-2024 19:25:01.654    Info:    girlish forestays thyreogenous
02-03-2024 19:25:01.788    Critical:    postcarotid bondar Ussuri
02-03-2024 19:25:01.932    Info:    sowlth supercommercially travel-spent
02-03-2024 19:25:02.075    Info:    Sakel monodelph overberg
02-03-2024 19:25:02.216    Info:    crannia cliffless uncalorific
02-03-2024 19:25:02.353    Info:    fluoroscope Phidippides raspingly
02-03-2024 19:25:02.510    Critical:    Urdur apheretic emblazes
02-03-2024 19:25:02.636    Critical:    spacesuits yellow-handed evangelisation
02-03-2024 19:25:02.794    Critical:    overfestoon tenderfoot evenings
02-03-2024 19:25:02.937    Critical:    Shepherdsville vimful bedrock's
02-03-2024 19:25:03.094    Info:    tyleberry bioflavinoid isostasy
02-03-2024 19:25:03.237    Critical:    cholam Clint unmutation
02-03-2024 19:25:03.387    Info:    hints visibility skin-breaking
02-03-2024 19:25:03.528    Critical:    Eetion postthoracic Myrtle
02-03-2024 19:25:03.687    Critical:    scene spaeings droghlin
02-03-2024 19:25:03.837    Info:    acetones kalis Penelope
02-03-2024 19:25:03.987    Critical:    marsupialised nonpriestly lumpish
02-03-2024 19:25:04.137    Info:    wounds semiretirement gasket
02-03-2024 19:25:04.287    Critical:    prest-money gnotobiotically Lincolnville
02-03-2024 19:25:04.431    Info:    clavicorn Villeurbanne steepened
02-03-2024 19:25:04.594    Critical:    thriller-diller subtonic spreadhead
02-03-2024 19:25:04.729    Critical:    Chevrotin waldflute skeletonic
02-03-2024 19:25:04.879    Info:    thrawed Germanesque microseismometer
02-03-2024 19:25:05.022    Critical:    deprave nonerroneousness subclerkship
02-03-2024 19:25:05.172    Critical:    Socha foleye unaisled
02-03-2024 19:25:05.344    Info:    Cinclidae CALRS caging
02-03-2024 19:26:53.062     kyphoses tactilist subheading
02-03-2024 19:26:53.242     footraces sclerotome metoposcopical
02-03-2024 19:26:53.391     Monkton Brookner carcaneted
02-03-2024 19:26:53.535     dizzardly spoonhutch snowhouse
02-03-2024 19:26:53.670     twenty-eighth dainteth enthelmintha
02-03-2024 19:26:53.956     butts marbleness flirtation-proof
02-03-2024 19:27:17.618    golder statistic avodire
02-03-2024 19:27:17.791    Micropterygoidea justiciar Amston
02-03-2024 19:27:17.939    superadequately echinulation euchlorite
02-03-2024 19:27:18.089    pedalling renotation unexerted
02-03-2024 19:27:18.232    peason affinitatively Epiphegus
02-03-2024 19:27:18.389    preshrinking lepidodendraceous voodoos
02-03-2024 19:27:18.539    Dictyonina larviparous overspeculation
02-03-2024 19:27:25.245    Fatal:venenated preimprovement stationarity
02-03-2024 19:27:25.418    Fatal:withstay gleamed aupaka
02-03-2024 19:27:25.583    Error:sensationalised chemotherapy afore-given
02-03-2024 19:27:25.739    Critical:identifers Bisk shipbuilding
02-03-2024 19:27:25.897    Fatal:bard's patagiate sinjer
02-03-2024 19:27:26.034    Fatal:karyocyte Tinoceras Cromer
02-03-2024 19:27:26.191    Fatal:curtainless Mohock solemnnesses
02-03-2024 19:27:26.362    Critical:Afg mesology self-dissatisfied
02-03-2024 19:27:26.521    Critical:woilie semioxygenated lammergeier
02-03-2024 19:27:26.684    Fatal:ramus spanworm diastole
02-03-2024 19:27:26.850    Fatal:mitis dhutis reconcilements
02-03-2024 19:27:26.999    Fatal:profluence Ogmios cheirolin
02-03-2024 19:27:27.143    Error:steady-footed keystrokes emoluments
02-03-2024 19:27:27.308    Critical:crowbars miscellaneousness yarns
02-03-2024 19:27:27.449    Critical:antigovernmentally Hobard Hendon
02-03-2024 19:27:27.608    Error:rug-cutter unbudgeableness taurobolium
02-03-2024 19:27:27.772    Critical:off-put eyebree kinglily
02-03-2024 19:27:27.930    Error:Wittie co-ed intrarenal
02-03-2024 19:27:28.095    Fatal:riksdaalder basidiogenetic timorousness
02-03-2024 19:27:28.245    Fatal:chairmanned uppiles vivid
02-03-2024 19:27:28.409    Critical:solution unbruised contains
02-03-2024 19:27:28.560    Fatal:chedite mated aglow
02-03-2024 19:27:28.718    Error:nonpregnant counterstroke convexo-plane
02-03-2024 19:27:28.889    Fatal:vexed tensify coupe
02-03-2024 19:27:29.032    Error:Sagitta digitally afikomen
02-03-2024 19:27:29.212    Fatal:nonspeculatively leucostasis criminative
02-03-2024 19:27:29.384    Critical:ecumenacy overshorten hemopyrrole
02-03-2024 19:27:29.535    Error:overtartness Favonius madwomen
02-03-2024 19:27:29.694    Error:tatty recensor temeritous
02-03-2024 19:27:30.479    Critical:antineutralism phrontisterion nasopharyngeal
02-03-2024 19:27:30.652    Error:precantation retooled encephalometric
02-03-2024 19:27:31.200    Critical:confectory iceleaf Ibycter
02-03-2024 19:27:31.387    Error:termitophagous mallees strawhat
02-03-2024 19:27:31.583    Critical:concelebrating coquelicot perambulates
02-03-2024 19:27:31.957    Error:Carlyn Satu-Mare informalness
02-03-2024 19:27:32.318    Error:lockup Sidewinder colocated
02-03-2024 20:30:57.347    meroxene Amil pseudoracemism
02-03-2024 20:30:57.617    civilized affrontiveness camerae
02-03-2024 20:30:57.774    antidiphtheritic wheezily unattractiveness
02-03-2024 20:30:57.917    unsober water-gruel middle-classism
02-03-2024 20:30:58.059    ovulate Chatwin slag-lead
02-03-2024 20:30:58.209    bedown towelette thinglikeness
02-03-2024 20:30:58.352    maffioso buttercup nonequals
02-03-2024 20:31:11.875    Critical:eluants touchingness xenophya
02-03-2024 20:31:12.047    Critical:Kioga anticreativity mangabeys
02-03-2024 20:31:12.219    Critical:overwarming GECR neighborhoods
02-03-2024 20:31:12.332    Error:Eliseo saqib severability
02-03-2024 20:31:12.489    Fatal:cheilion Renny reconfound
02-03-2024 20:31:12.639    :numismatic alnein infortunity
02-03-2024 20:31:12.820    Error:resenting serry experting
03-03-2024 18:23:08.808    chirimoyer oxalato Pterostemonaceae
03-03-2024 18:23:09.175    nonchimerically deadfall verdea
03-03-2024 18:23:09.370    respondent stomach-tight Kierkegaard
03-03-2024 18:23:09.520    underslope chainette wefty
03-03-2024 18:23:09.670    overfluent prolixly Wershba
03-03-2024 18:23:09.835    chroncmeter sweamish paigle
03-03-2024 18:23:15.198    Critical:anesthesiant eph- conduction
03-03-2024 18:23:15.363    Critical:sandhi electrify above-found
03-03-2024 18:23:15.535    Critical:pommery thaumaturgi tribromide
03-03-2024 18:23:15.693    Critical:ingrafts researches defensibleness
03-03-2024 18:23:15.829    Warning:logis actinozoan guans
03-03-2024 18:23:15.985    Critical:gurdle conchometry cleavages
03-03-2024 18:23:16.121    Critical:scribbledom siserary drizzle
04-03-2024 21:40:13.549    intertinging wumman nonuniteable
04-03-2024 21:40:13.720    fat-edged incubates heterotrophy
04-03-2024 21:40:13.863    unvoices Xylosma pigout
04-03-2024 21:40:14.014    axers Comorin tapeinocephaly
04-03-2024 21:40:14.140    vires stiff-necked dorbugs
04-03-2024 21:40:14.275    Thasian self-identity untruism
04-03-2024 21:40:14.410    Roselyn uncrippled inferrers
04-03-2024 21:40:14.552    rivaless ademption Ghanian
04-03-2024 21:40:14.718    parlously dowiness unperceptibly
04-03-2024 21:40:14.854    idiotize bipenniform welted
04-03-2024 21:40:15.138    endarterial grandfathers pachydermatously
04-03-2024 21:40:15.288    gudgeoned unconvictive Mycetophagidae
04-03-2024 21:40:15.438    melters Wams Natalee
04-03-2024 21:40:15.587    biglandular overcoated pining
04-03-2024 21:40:15.745    unassignably unresonating Nino
04-03-2024 21:40:15.873    infested miscible x-unit
04-03-2024 21:40:16.074    nor'east spring-habited GRS
04-03-2024 21:40:16.225    self-confining sarcogenic decolourising
04-03-2024 21:40:16.359    legative recarpet damp
04-03-2024 21:40:16.525    farrieries aglint TEirtza
04-03-2024 21:40:16.660    Rubicon subparagraphs well-moralized
04-03-2024 21:40:16.824    dianisidine oppositionless Pruitt
04-03-2024 21:40:16.959    overconfidences pigskin felwort
04-03-2024 21:55:44.263    Critical:thin-set bulimias dog-legged
04-03-2024 21:55:44.428    Boo:loggerhead pupillarity lich-gate
04-03-2024 21:55:44.586    Critical:mainmast greaves pharmaceutically
04-03-2024 21:55:44.712    Critical:hooknose improvidently Orlan
04-03-2024 21:55:44.854    Boo:lightens unrecoded stovers
04-03-2024 21:55:45.004    Boo:nabla stride potbellied
04-03-2024 21:55:45.132    Boo:Delsartian solution fluocarbonate
04-03-2024 21:55:45.276    Warning:contestingly defluvium doozers
04-03-2024 21:55:45.402    Critical:maliciously suberiform beachless
04-03-2024 21:55:45.537    Warning:thiophosphoric book-ways pawkery
04-03-2024 21:55:45.664    Critical:hugely antifelon Caelian
04-03-2024 21:55:45.792    Warning:lop-sided antidromous syrringing
04-03-2024 21:55:45.934    Critical:labialise Pohai toxihemia
04-03-2024 21:55:46.077    Critical:balm's manipulated Gigantosaurus
04-03-2024 21:55:46.204    Boo:forcipate symbolology fielder
04-03-2024 21:55:46.354    Boo:acidifying vectitation pairwise
04-03-2024 21:55:46.504    Warning:prognostically hirsuties cloit
04-03-2024 21:55:46.648    Boo:extoller Asgarth gliadin
04-03-2024 21:55:46.789    Critical:unidirectionality tipply fallouts
04-03-2024 21:55:46.940    Warning:epicarp phytophysiology unshotted
04-03-2024 21:55:47.083    Warning:revivals unlikeliest hydro-jet
04-03-2024 21:55:47.232    Boo:Coinjock toiting kittenishly
04-03-2024 21:55:47.390    Warning:baldling jehads two-bid
04-03-2024 21:55:47.540    Boo:dyserethisia Sigsbee McAlpin
04-03-2024 21:55:47.682    Warning:Hunlike fixator adrenosterone
04-03-2024 21:55:47.839    Boo:indiscrete MM. MTS
04-03-2024 21:55:48.110    Critical:exulcerative anthologion Hartsel
04-03-2024 21:55:48.268    Critical:bromodeoxyuridine AB pseudocoel
04-03-2024 21:55:48.425    Boo:Heptameron reaccused diplonema
04-03-2024 21:55:48.590    Warning:risaldar isadnormal chevin
04-03-2024 21:55:48.754    Boo:chemiotropism cerine novalike
04-03-2024 21:55:48.897    Boo:outbreaks Lakewood thirty-fifth
04-03-2024 21:55:49.040    Boo:somdiel Luger perspiratory
04-03-2024 21:55:49.197    Warning:gumdrop uncelebrated heel-ball
04-03-2024 21:55:49.348    Warning:eyases Krakau Vampyrum
04-03-2024 21:55:49.497    Boo:celebratedly Socinian gang-board
04-03-2024 21:55:49.797    Warning:evangelize miliarium supercapabilities
04-03-2024 21:55:49.954    Boo:symptomize Palaemonidae timer
07-03-2024 23:48:57.285    Warning:povertyweed sporophydium reclusion
07-03-2024 23:49:02.381    Critical:semipetaloid alderling outbullies
07-03-2024 23:49:25.894    Boo:hognut bromophenol seasonably
07-03-2024 23:49:36.456    Warning:wrinklet catsup chittamwood
07-03-2024 23:49:45.464    Critical:prereproductive Chunichi thwackers
07-03-2024 23:50:07.593    Warning:subtrahends disenchantress Suk
07-03-2024 23:50:24.015    Warning:ink-slab interlinear couloirs
07-03-2024 23:50:52.041    Boo:Wallaby antidynastic sublimification
07-03-2024 23:50:54.948    Warning:faham mottlement malacophonous
07-03-2024 23:51:20.292    Warning:disseminator overtrouble proconsulate
07-03-2024 23:51:24.488    Boo:ooplasm gnostology rimula
07-03-2024 23:51:25.823    Error:unphilosophic hydrosorbic Uhrichsville
07-03-2024 23:51:38.163    Critical:Knorria Chronicles aviador
07-03-2024 23:51:58.379    Critical:demurer intrabiontic mightyship
07-03-2024 23:52:21.629    Error:Otley hypostase bronchorrhaphy
07-03-2024 23:52:44.770    Error:oddball overnumerously walty
07-03-2024 23:53:09.674    Critical:envier forthought Chewalla
07-03-2024 23:53:26.568    Error:cornloft concreter proethnic
07-03-2024 23:53:29.260    Error:cryptodeist milieus streetcar
07-03-2024 23:53:44.022    Warning:clitoridauxe ventifact slandering
07-03-2024 23:53:47.461    Warning:ungifted deigning emong
07-03-2024 23:53:55.724    Warning:neuters skivy vinaigre
07-03-2024 23:54:20.308    Boo:premillennialist Jicaquean Amapa
07-03-2024 23:54:52.227    Warning:iguanodontoid misrhyme Avarian
07-03-2024 23:54:57.005    Warning:metastases indefinite un-Christianlike
07-03-2024 23:55:24.189    Warning:hyphenates pontifice stickout
07-03-2024 23:55:48.151    Critical:periglottic hydrologically repursues
07-03-2024 23:56:02.341    Error:oophore hypobasis rouche
07-03-2024 23:56:21.575    Warning:exscinding well-essayed drat
07-03-2024 23:56:41.251    Error:overdrank Lackawaxen rambooze
07-03-2024 23:56:45.239    Warning:loessland waxand instrumentally
07-03-2024 23:57:13.655    Critical:gee-haw unsharpness antifundamentalist
07-03-2024 23:57:43.364    Critical:oomycetous Scoto-Gaelic tow-pung
07-03-2024 23:57:55.137    Warning:acropolises Mehul Tsoneca
07-03-2024 23:58:01.470    Boo:bots Leontopodium pomeys
07-03-2024 23:58:31.368    Boo:Gallicize butterbird plesiosaurian
07-03-2024 23:58:42.568    Error:bookiness Hackathorn Anaspidacea
07-03-2024 23:58:52.882    Boo:fixers antenniferous stemlike
07-03-2024 23:58:54.427    Warning:puppetism rethink dough-kneading
07-03-2024 23:58:56.615    Boo:upsoak astute bark-galling
07-03-2024 23:59:09.558    Warning:bake-off pagodite garrulousness
07-03-2024 23:59:37.968    Critical:nonincestuousness cephalopagus Blacksburg
08-03-2024 00:00:11.824    Critical:farfetchedness smallholding scutcheons
08-03-2024 00:00:25.807    Warning:cathexes Grumbletonian Rochella
08-03-2024 00:00:53.033    Critical:carefully biasteric rehumanized
08-03-2024 00:00:58.561    Warning:Mendelianism Clactonian Tristas
08-03-2024 00:01:03.768    Boo:kitten thoroughbredness Reuters
08-03-2024 00:01:34.317    Error:Pamirs regenerator nyctalopia
08-03-2024 00:01:49.535    Warning:Frankish mycetogenetic Doscher
08-03-2024 00:01:56.152    Boo:antiempiricist Smock Ashjian
08-03-2024 00:02:21.874    Warning:Giliana VDC unchastely
08-03-2024 00:02:26.803    Warning:semiadherent Gastrochaenidae foul-tongued
08-03-2024 00:02:28.570    Critical:bondwomen Stahlian excitonutrient
08-03-2024 00:02:31.552    Boo:drunt enchiridions diffeomorphism
08-03-2024 00:02:51.092    Critical:aristos regionalist ctrl
08-03-2024 00:03:07.009    Boo:runrig cochlitis larkling
08-03-2024 00:03:31.807    Warning:plumelets regularization word-juggling
08-03-2024 00:03:59.566    Warning:telodendrion by-room reexplain
08-03-2024 00:04:30.519    Critical:dictyodromous TODS PPI
08-03-2024 00:05:02.771    Error:siliciums Wanette hairweaving
08-03-2024 00:05:12.411    Critical:outvaunt Ufa jitneuse
08-03-2024 00:05:30.925    Critical:lethargic noondays gringolee
08-03-2024 00:05:53.193    Critical:unset cameral unarrogated
08-03-2024 00:05:59.528    Boo:Desberg flumping tigon
08-03-2024 00:06:09.530    Warning:unakite satisfyingly unrefractiveness
08-03-2024 00:06:36.784    Boo:primages transmuting uncus
08-03-2024 00:06:48.359    Critical:cudgeller bonnering pylethrombophlebitis
08-03-2024 00:06:58.162    Error:parrotlike Astropectinidae backsetting
08-03-2024 00:07:16.466    Boo:Babbie two-roomed unafflictedly
08-03-2024 00:07:22.887    Critical:fughettas abstinently fiancees
08-03-2024 00:07:38.897    Error:strontianite rustyish Xena
08-03-2024 00:08:08.122    Boo:cowherb cassatas gum-gum
08-03-2024 00:08:43.035    Error:prehumiliate nonrelenting Indrani
08-03-2024 00:09:03.629    Error:microsporous ectiris turf-forming
08-03-2024 00:09:18.270    Critical:Kaneshite unprecipitatively hoydenism
08-03-2024 00:09:41.122    Boo:politico- slumber-bringing tensas
08-03-2024 00:09:50.242    Boo:sublimational nonlyrically battleplane
08-03-2024 00:10:08.978    Warning:kelpware puttock Silybum
08-03-2024 00:10:21.194    Warning:monolithically fabricates subschema's
08-03-2024 00:10:55.535    Critical:forcipate Xenacanthini telephonographic
08-03-2024 00:11:10.819    Error:trinary innovations custom-made
08-03-2024 00:11:25.852    Critical:nonanalogousness Catalonia frithstool
08-03-2024 00:12:00.326    Critical:numerant nonconfidentialness veterinarians
08-03-2024 00:12:26.583    Critical:emetine riveter millocracy
08-03-2024 00:12:48.251    Critical:nonveracious rust-removing abode's
08-03-2024 00:12:51.833    Critical:Capuan untheologic Institutes
08-03-2024 00:13:10.699    Error:arch-fiend undiscernably pratiloma
08-03-2024 00:13:29.741    Boo:archprotopope Streisand spass
08-03-2024 00:13:39.188    Error:Palaeothentidae pluriglandular josses
08-03-2024 00:13:57.597    Warning:Pentateuch ROUS formulaic
08-03-2024 00:14:21.600    Error:unfusibly prepenetrating tremolos
08-03-2024 00:14:47.107    Error:typikons Pry reproducible
08-03-2024 00:15:19.394    Critical:agaric what-eer unrefracted
08-03-2024 00:15:27.745    Boo:petrologically emissitious Hezron
08-03-2024 00:15:54.988    Warning:Cabirian needlecord Testudinidae
08-03-2024 00:15:57.224    Boo:glochidia pote lobsided
08-03-2024 00:16:01.829    Boo:coassessor tieboy Gass
08-03-2024 00:16:28.932    Warning:well-refereed confusticate muddied
08-03-2024 00:16:36.775    Critical:dipppier pigeons agathokakological
08-03-2024 00:17:05.195    Warning:teuto- gunbearer Bret
08-03-2024 00:17:20.430    Error:unfagged footbridges praecornu
08-03-2024 00:17:51.088    Critical:cardiectomize repetitory ranula
08-03-2024 00:18:12.163    Boo:derailment chinles Atenism
08-03-2024 00:18:15.303    Error:nondeported mooing beclamored
08-03-2024 00:18:19.426    Boo:subsided cryptanalyzed clovene
08-03-2024 00:18:54.343    Critical:peerages cranched Gaal
08-03-2024 00:19:12.961    Critical:semi-instinctiveness Harriett extranational
08-03-2024 00:19:17.242    Warning:shivery prepares Endomycetaceae
08-03-2024 00:19:30.929    Boo:aphid ephererist Meuser
08-03-2024 00:19:38.947    Warning:gibus idee redhandedness
08-03-2024 00:19:41.782    Boo:relaxation compaa niggun
08-03-2024 00:20:12.037    Warning:acclimatize filace neurogenetic
08-03-2024 00:20:36.478    Warning:countrywomen whammy helply
08-03-2024 00:20:47.590    Critical:indigestibly teraohms predissolved
08-03-2024 00:21:20.331    Boo:seven-eyes antiacid ice-built
08-03-2024 00:21:54.355    Warning:overfastidious detouring pulldrive
08-03-2024 00:22:15.384    Warning:senhores sonnetry monkishnesses
08-03-2024 00:22:30.598    Boo:bumkins Cynogale resnub
08-03-2024 00:22:37.013    Critical:Gandeeville decoll fondues
08-03-2024 00:22:54.017    Critical:semiduplex crosslight oxalato
08-03-2024 00:23:28.452    Error:backseats head-flattening unperceptiveness
08-03-2024 00:24:00.251    Warning:erogeny Clover Hondurean
08-03-2024 00:24:24.178    Boo:stasidion half-grown form-giving
08-03-2024 00:24:53.232    Error:curviform retardent snafuing
08-03-2024 00:25:28.081    Warning:Orbitelariae Pro-balkan electrophori
08-03-2024 00:25:47.849    Boo:lucences Tubiporidae carlino
08-03-2024 00:25:48.868    Boo:grazing showroom unadaptability
08-03-2024 00:25:49.685    Boo:immitigableness McClelland Jourdanton
08-03-2024 00:25:53.188    Boo:disported salivation hachures
08-03-2024 00:25:53.683    Error:crazier issues CHA
08-03-2024 00:25:53.886    Critical:worships lunular liveries
08-03-2024 00:25:56.631    Boo:Cephalocereus regur Gasparo
08-03-2024 00:26:06.601    Scary:despatch unobviated tow-headed
08-03-2024 00:26:09.426    Warning:EUV Occidentalization sarking
08-03-2024 00:26:09.838    Critical:pre-estimation tessaraglot anesthetic
08-03-2024 00:26:10.656    Warning:vibraculum scrubbier chamma
08-03-2024 00:26:10.867    Critical:desireful un-panic-stricken eodiscid
08-03-2024 00:26:11.278    Error:Heyse Swisser Mencher
08-03-2024 00:26:11.683    Scary:Darby grinningly matchlessly
08-03-2024 00:26:12.073    Error:reuses aerohydroplane receiptor
08-03-2024 00:26:25.978    Scary:simple-armed red-gold limpest
08-03-2024 00:26:27.292    Critical:untidy perfectation resecured
08-03-2024 00:26:27.831    Scary:Lucier unigniting fusil
08-03-2024 00:26:28.821    Critical:consy Kasilof dark-shining
08-03-2024 00:26:29.331    Scary:piaffing schizolysigenous opera-going
08-03-2024 00:26:29.774    Critical:felloes replunge presuspend
08-03-2024 00:26:30.366    Critical:swineherdship conquering prosar
08-03-2024 00:26:30.658    Critical:diary overstrode perfecta
08-03-2024 00:26:30.868    Error:clumsiness sporoblast superceding
08-03-2024 00:26:31.304    Error:phanerogenic Cedalion steamships
08-03-2024 00:26:31.492    Warning:vertebrofemoral bickiron tracheophyte
08-03-2024 00:26:31.673    Scary:oversadness downset fearnaught
08-03-2024 00:26:31.851    Critical:Roy Cervus tetrahydrofuran
08-03-2024 00:26:32.272    Scary:Dromaeus stadial locators
08-03-2024 00:26:32.497    Error:insapory haplome flated
08-03-2024 00:26:32.684    Error:aliped God-man Rinard
08-03-2024 00:26:33.479    Scary:overprased dentinalgia clearheaded
08-03-2024 00:26:33.689    Warning:alveolitis LED sunsetting
08-03-2024 00:26:33.884    Warning:Sovietization fortunately daidled
08-03-2024 00:26:54.617    Warning:V-mail broadways Tristania
08-03-2024 00:27:10.470    Scary:tarletan squatmore liquefied
08-03-2024 00:27:11.055    Info:caingin apology Foskett
08-03-2024 00:27:11.700    Info:stoneite tragacanth Gerhan
08-03-2024 00:27:12.285    Critical:overfearing larders light-loaded
08-03-2024 00:27:13.170    Info:self-detraction overswollen intemperancy
08-03-2024 00:27:13.875    Critical:bobtail worry idlers
08-03-2024 00:27:14.580    Info:prolatively ectrodactylism reestablishments
08-03-2024 00:27:15.428    Critical:poker-work jingoistically noncorrupt
08-03-2024 00:27:16.057    Info:ichthyornithic pre-amp Neo-Realist
08-03-2024 00:27:18.177    Warning:vestuary high-wrought purple-yellow
08-03-2024 00:27:18.435    Scary:lash-up viscolize peace-offering
08-03-2024 00:27:18.570    Fatal:pleurorrhea physiophilosophy mockups
08-03-2024 00:27:18.720    Warning:homesickly askable brattier
08-03-2024 00:27:51.068    Info:organically lividly Liebermann
08-03-2024 00:28:19.222    Scary:gecarcinian chalcidoid Funchal
08-03-2024 00:28:21.936    Critical:woustour hakafoth mastectomy
08-03-2024 00:28:41.379    Info:interspersed electrodialytic outcaviled
08-03-2024 00:29:03.612    Critical:nota bobbin anodynic
08-03-2024 00:29:09.379    Info:overboldly awnings burntweed
08-03-2024 00:29:11.103    Info:diplomate overwrited unmesmerised
08-03-2024 00:29:13.691    Info:Tarrant sectarianism Plotinical
08-03-2024 00:29:29.862    Info:sigmation deliquate codlins
08-03-2024 00:30:01.060    Info:condos turfs tolltaker
08-03-2024 00:30:33.800    Critical:longilingual rotten-ripe mediopectoral
08-03-2024 00:30:44.112    Scary:retropack vaguenesses crass
08-03-2024 00:30:51.263    Info:Mareotid cosmists basipetally
08-03-2024 00:31:18.461    Critical:eat-all dialectology protoleukocyte
08-03-2024 00:31:23.878    Critical:hemiplane Bunceton fruits
08-03-2024 00:31:52.869    Info:kibitzers beep smidgeon
08-03-2024 00:32:21.728    Info:photoprinting superseminate Frenchman
08-03-2024 00:32:53.626    Fatal:decalescent preappearance cosmogenesis
08-03-2024 00:33:26.119    Fatal:lanugo undisappearing eugenics
08-03-2024 00:33:43.316    Critical:guttiness Magdaia degermed
08-03-2024 00:33:45.178    Critical:Lemaceon now-fallen sunny-spirited
08-03-2024 00:34:05.570    Info:Ceanothus overstarch jot
08-03-2024 00:34:34.574    Fatal:Mig enamellers unsurpassedness
08-03-2024 00:34:58.988    Warning:theol rhetorize strophanhin
08-03-2024 00:35:12.029    Fatal:Dendrobates simuliid bauta
08-03-2024 00:35:20.572    Scary:world-governing trawling designate
08-03-2024 00:35:21.628    Info:Papio prosses sulphoichthyolic
08-03-2024 00:35:36.442    Info:nonepithelial tackiest snobbing
08-03-2024 00:35:47.652    Scary:self-involution infringements Iberis
08-03-2024 00:36:20.728    Scary:smeeked futurities fauld
08-03-2024 00:36:37.019    Fatal:xylidins melampyrin bendsome
08-03-2024 00:37:05.333    Info:uninebriatedness B.Litt. khakanship
08-03-2024 00:37:27.068    Warning:revanchism ever-dying misogyny
08-03-2024 00:37:40.095    Fatal:tunneler long-legged handworm
08-03-2024 00:51:00.285    Warning:unchildish parameterizations oxynaphthoic
08-03-2024 00:51:00.456    Info:well-rented Curtice sin-proud
08-03-2024 00:51:00.629    Critical:capsa predined catstone
08-03-2024 00:51:00.809    Scary:intervene parasalpingitis skey
08-03-2024 00:51:01.109    Info:levelheaded liverworts fluentness
08-03-2024 00:51:01.275    Fatal:presumed piecrusts lulliloo
08-03-2024 00:51:01.431    Fatal:throatiness moonwalker repeddled
08-03-2024 00:51:01.604    Fatal:never-tamed demast collectivists
08-03-2024 00:51:01.746    Critical:Rushland Telescopium pedicabs
08-03-2024 00:51:01.926    Fatal:chickweed angioasthenia millennial
08-03-2024 00:51:02.085    Warning:lethargus triflers menacing
08-03-2024 00:51:02.249    Scary:re-enlightenment hemipteroid munsters
08-03-2024 00:51:02.399    Scary:hydroxyls counseling equator's
08-03-2024 00:51:02.549    Warning:reatas Icelus bread-eating
08-03-2024 00:51:02.707    Fatal:Dryopithecus Megargee aphemic
08-03-2024 00:51:02.871    Fatal:subvicars psec vower
08-03-2024 00:51:03.014    Critical:aeroduct champagnize Korea
08-03-2024 00:51:03.186    Scary:quarantiner bairnliness foretrace
08-03-2024 00:51:03.516    Warning:Veronicellidae drossless tender-bladed
08-03-2024 00:51:04.064    Warning:bribing silver-mail Paritium
08-03-2024 00:51:04.259    Info:eye-checked Pritchardia subpalmate
08-03-2024 00:51:04.416    Info:coumaran narcotism hemadynamometer
08-03-2024 00:51:04.589    Info:Ellick limnic disciplines
08-03-2024 00:51:04.784    Scary:didacticism Tilly all-confounding
08-03-2024 00:51:04.994    Fatal:liturgistic crocking quadrantly
08-03-2024 00:51:05.421    Scary:tannest Agt varicoseness
08-03-2024 00:51:05.616    Critical:distemperedness superhard nonatmospherical
08-03-2024 00:51:05.791    Scary:Iphis barghest sonant
08-03-2024 00:51:05.961    Fatal:phytometer stymie superserious
08-03-2024 00:51:06.150    Info:gypseian erection hop-sack
08-03-2024 00:51:06.329    Warning:open-mouthedness thearchy sphenoethmoid
08-03-2024 00:51:06.509    Fatal:quasi-frankly vilifies eldfather
08-03-2024 00:51:06.696    Warning:exponentiation's cloud-surmounting Dedan
08-03-2024 00:51:07.108    Info:ontically jewelfish Reteporidae
08-03-2024 00:51:07.304    Info:gigmania archisphere napiform
08-03-2024 00:51:07.469    Critical:nearshore Rugosa hypercivilized
08-03-2024 00:51:07.649    Warning:Murillo Middlemarch snowshoe's
08-03-2024 00:51:07.829    Info:semiopacity mirabilia kibbled
08-03-2024 00:51:08.009    Fatal:nonfluidity hemopexis befouled
08-03-2024 00:51:08.196    Info:hog-mouthed urnmaker thomsenolite
08-03-2024 00:51:08.414    Fatal:lenticular Post-biblical gingerin
08-03-2024 00:51:08.834    Info:prestruggle narcoleptic shuttle-witted
08-03-2024 00:51:09.059    Scary:trito- reframed myoproteid
08-03-2024 00:51:09.239    Warning:yolkier photochronographical chrysobull
08-03-2024 00:51:09.427    Warning:nonomission stronglike nonironical
08-03-2024 00:51:09.636    Critical:custom-house reabandon meeken
08-03-2024 00:51:09.816    Critical:qasidas sea-encircled preunited
08-03-2024 00:51:09.996    Fatal:pyrroporphyrin hydropathical underaverage
08-03-2024 00:51:10.372    Critical:Ahmadou smart-cocked icebreaker
08-03-2024 00:51:11.189    Fatal:chlorenchyma scytheless gudgeoned
08-03-2024 00:51:11.376    Scary:electroplated Cicely semiovate
08-03-2024 00:51:11.556    Warning:tropologizing connubiate corncobs
08-03-2024 00:51:11.744    Critical:big-headed cacaxte Geiss
08-03-2024 00:51:11.901    Info:actinogonidiate Heathsville arrowing
08-03-2024 00:51:12.066    Fatal:milliary sulkier deorbit
08-03-2024 00:51:12.233    Critical:beath caravanned pre-Dantean
08-03-2024 00:51:12.441    Critical:scapuloaxillary samlets desilverizing
08-03-2024 00:51:12.659    Warning:globo-cumulus pallall deuteroproteose
08-03-2024 00:51:12.854    Warning:slidable Mongolioid agriological
08-03-2024 00:51:13.019    Warning:proverb's spiritrompe eartag
08-03-2024 00:51:13.551    Info:pre-ignition aiguellette tongue-hammer
08-03-2024 00:51:13.746    Critical:afterchance Bolger unmouldered
08-03-2024 00:51:13.934    Critical:reflectometry bowhead duennaship
08-03-2024 00:51:14.121    Info:chattation long-enduring Fanwood
08-03-2024 00:51:14.302    Warning:glorious Mounty inosilicate
08-03-2024 00:51:44.315    Warning:aeneous unleaved pectinogen
08-03-2024 00:51:55.615    Info:shiny-backed shammasim gravicembalo
08-03-2024 00:52:28.656    Info:nonpliableness canafistulo parasitism
08-03-2024 00:52:45.618    Scary:phlyctaena eelworm ass-chewing
08-03-2024 00:52:54.628    Info:strass annexion dd.
08-03-2024 00:53:03.866    Fatal:dolorimetry Nabonidus fluorides
08-03-2024 00:53:04.096    Fatal:nonseparable celadons outmoves
08-03-2024 00:53:04.807    Scary:licham leathermaker quadriliteral
08-03-2024 00:53:05.011    Critical:Napoleonism rudder's daggle
08-03-2024 00:53:05.183    Critical:hedgehoppe paradrop inwinding
08-03-2024 00:53:05.806    Fatal:comportable all-pass dyvour
08-03-2024 00:53:06.457    Info:reaccuse musophobia laminiform
08-03-2024 00:53:08.123    Scary:compositor wind-wing trimucronatus
08-03-2024 00:53:08.761    Info:thorough-light spinose Redmond
08-03-2024 00:53:09.272    Scary:croaked arthropleure reisolating
08-03-2024 00:53:10.051    Info:vice-king overscatter king-pin
08-03-2024 00:53:11.424    Fatal:Gladdy pleometrotic triplo-
08-03-2024 00:53:11.926    Fatal:Nah. velutinous chorisis
08-03-2024 00:53:12.084    Warning:needlecraft metalloplastic quad.
08-03-2024 00:53:12.256    Critical:splurt gall-like hempen
08-03-2024 00:53:12.391    Warning:Naper arcubos nondisintegrating
08-03-2024 00:53:12.550    Info:nondissolving readvised unsewed
08-03-2024 00:53:12.706    Info:gumptionless microsporic subcools
08-03-2024 00:53:12.834    Warning:Passerina anthraquinonyl pantoon
08-03-2024 00:53:12.991    Fatal:twice-parted overdistend irrestrainably
08-03-2024 00:53:13.134    Info:associableness obliqueness belchers
08-03-2024 00:53:13.298    Critical:pathognostic deferred Halicarnassean
08-03-2024 00:53:13.479    Info:melampyrin celibatic fibrine
08-03-2024 00:53:14.025    Scary:uncrowned inviscate Achyranthes
08-03-2024 00:53:14.213    Critical:Siler inauration Buchanite
08-03-2024 00:53:14.941    Fatal:transfugitive Teresa Buff
08-03-2024 00:53:15.435    Info:asyndeton Stylochus Picker
08-03-2024 00:53:15.624    Scary:deep-rooting irreproachable radiosensibility
08-03-2024 00:53:15.803    Info:lysosomally fash lujaurite
08-03-2024 00:53:41.093    Fatal:Akha Kulla Vinoba
08-03-2024 00:53:57.036    Scary:middle-road barbarized proctocolitis
08-03-2024 00:54:01.320    Fatal:underfeeder improviso undercovert
08-03-2024 00:54:19.896    Info:multicast duennas knaveries
08-03-2024 00:54:24.056    Fatal:nutsier acarari pulmonic
08-03-2024 00:54:45.777    Info:tangential sage-colored outman
08-03-2024 00:55:06.389    Scary:matchmakers Lockbourne sideshake
08-03-2024 00:55:29.710    Critical:non-Gypsies blastula ornament
08-03-2024 00:55:42.692    Scary:croisade Sagai theriomorphosis
08-03-2024 00:56:17.375    Critical:powder-flask bread-tree dynamiters
08-03-2024 00:56:20.269    Info:mitogen spuries algraphy
08-03-2024 00:56:20.441    Warning:Jeremie Sufis albumino-
08-03-2024 00:56:20.616    Critical:landladydom matajuelo aflat
08-03-2024 00:56:21.011    Warning:enjoins well-adventured anteriors
08-03-2024 00:56:21.185    Scary:aliyas promotions SLIC
08-03-2024 00:56:21.350    Critical:chuntered pentomic unpedestal
08-03-2024 00:56:21.508    Info:tahsin protranslation wanigans
08-03-2024 00:56:21.664    Warning:sophomore's pre-Hellenic antitrades
08-03-2024 00:56:22.181    Fatal:Gecarcinidae antiserums bezants
08-03-2024 00:56:22.384    Fatal:barothermohygrogram coughroot Concoff
08-03-2024 00:56:30.245    Warning:pockmark unworthier criminological
08-03-2024 00:56:30.424    Boo:feering lintels Brothers
08-03-2024 00:56:30.596    Critical:citrange nictitating tripsis
08-03-2024 00:56:30.896    Warning:nonplated scaphocephaly mridang
08-03-2024 00:56:31.076    Warning:Austrophil claudetite consuls
08-03-2024 00:56:31.234    Boo:PMRC pro-Malayan mezereum
08-03-2024 00:56:31.415    Info:photoalbum amniorrhea preobligating
08-03-2024 00:56:31.571    Info:overshort faineantism Pholcus
08-03-2024 00:56:31.738    Boo:Zim metempsychosis maladroitness
08-03-2024 00:56:31.894    Warning:misapprehensible hecto-ampere postdiphtheritic
08-03-2024 00:56:32.044    Critical:ratheripe viniferas Antinous
08-03-2024 00:56:33.504    Critical:ill-marked ranter unreachably
08-03-2024 00:56:33.815    Warning:amchoor candors durneder
08-03-2024 00:56:34.969    Boo:methodization crossbar pruritus
08-03-2024 00:56:35.141    Boo:expositing Braden thermoanalgesia
08-03-2024 00:56:50.046    Critical:Gottlieb aerophobic peta-
08-03-2024 00:56:59.308    Critical:solifugid rank-feeding bedolt
08-03-2024 00:57:00.574    Warning:bivoltine Tehran risibles
08-03-2024 00:57:27.456    Error:reparatory great- ten-peaked
08-03-2024 00:57:40.944    Boo:transversale togethernesses preadjusts
08-03-2024 00:57:45.630    Fatal:pastils magnetobell barstools
08-03-2024 00:57:57.488    Boo:vier cosmopolitic provection
08-03-2024 00:58:08.723    Critical:resedas spheriform overdue
08-03-2024 00:58:25.870    Fatal:Howea magnifique daimones
08-03-2024 00:59:00.723    Error:rhytta periscopal Roice
08-03-2024 00:59:32.395    Error:shatan devotional kilntree
08-03-2024 00:59:40.014    Info:marica schmaltz downers
08-03-2024 01:00:02.317    Warning:geomagnetically seedful fearsomeness
08-03-2024 01:00:24.037    Boo:devilries Kordula flatman
08-03-2024 01:00:51.561    Error:nonprosses scenting insisting
08-03-2024 01:01:04.307    Fatal:sicced biskop hypercholia
08-03-2024 01:01:23.232    Info:unbemoaned biggings psychanalytically
08-03-2024 01:01:53.364    Fatal:demurred home-building rallyings
08-03-2024 01:02:21.086    Info:undangerously Schreib displace
08-03-2024 01:02:36.828    Critical:easeless harbingers quatenus
08-03-2024 01:03:11.266    Info:needle-made owning disconnection
08-03-2024 01:03:24.807    Boo:popshop Taylors infernos
08-03-2024 01:03:35.613    Fatal:swine-mouthed unenviedly whorl
08-03-2024 01:03:54.940    Boo:infalling roasting IMarE
08-03-2024 01:04:05.920    Warning:gyrinid LPV alkalinising
08-03-2024 01:04:10.385    Fatal:corpuscularian cub's appropriator's
08-03-2024 01:04:40.581    Info:unruledness Horacio Mk
08-03-2024 01:04:53.506    Error:antipot cymation assument
08-03-2024 01:05:17.615    Critical:Litae sawsharper cryobiologically
08-03-2024 01:05:26.049    Warning:brickmason Ximenez vouched
08-03-2024 01:05:38.052    Fatal:Bombacaceae unpatinated IMF
08-03-2024 01:06:02.625    Boo:invendibility indulgencing uncorroborative
08-03-2024 01:06:24.782    Warning:motorboat smallnesses red-tapeism
08-03-2024 01:06:36.956    Fatal:timebinding nibby electrolysises
08-03-2024 01:06:47.191    Boo:crunchiest remand Comines
08-03-2024 01:07:12.416    Fatal:helipads time-limit abalienation
08-03-2024 01:07:26.813    Info:kataphoretic Glenmora punny
08-03-2024 01:07:57.918    Info:beswim Taghlik manneredness
08-03-2024 01:07:59.720    Warning:unabased amarevole polygenesic
08-03-2024 01:08:31.946    Boo:animalcule pitpan uncomportable
08-03-2024 01:08:33.644    Info:disconnectiveness ploat unremotely
08-03-2024 01:08:47.809    Info:beheira unrepairs malacologic
08-03-2024 01:09:21.106    Error:phonotypist Romains nonmystic
08-03-2024 01:09:48.951    Error:excursiveness antimetabolite Hellen
08-03-2024 01:10:21.284    Info:Estella novendial jeopardies
08-03-2024 01:10:32.345    Fatal:orthophosphate kouproh fruit-bringing
08-03-2024 01:10:45.595    Fatal:sickness's obtuse Poneto
08-03-2024 01:11:09.883    Critical:slug polygons cockling
08-03-2024 01:11:37.550    Info:tuchun Dwan well-finished
08-03-2024 01:11:52.996    Warning:hiccoughed Groesbeck Paderna
08-03-2024 01:12:06.313    Boo:kataplectic flongs deseret
08-03-2024 01:12:36.049    Critical:baldpatedness Pytlik flutters
08-03-2024 01:12:56.337    Warning:Adurol urn-enclosing hyping
08-03-2024 01:13:27.178    Warning:colourfully Edwina officiousness
08-03-2024 01:13:32.372    Critical:world-noised discompanied specters
08-03-2024 01:13:41.548    Error:mycelian bootikins Kayan
08-03-2024 01:13:51.223    Boo:Amphibia inlawry preracing
08-03-2024 01:14:18.262    Warning:hungry respiced ketoses
08-03-2024 01:14:45.727    Info:clumsinesses heldentenors butterless
08-03-2024 01:15:08.883    Boo:breakwater LEST rascality
08-03-2024 01:15:20.852    Error:Guggenheim Chain amnioclepsis
08-03-2024 01:15:34.319    Critical:eclair Strandburg uncleft
08-03-2024 01:15:58.344    Error:traits enamors Leucippus
08-03-2024 01:16:29.301    Fatal:geophysically lusterlessness outspokenness
08-03-2024 01:16:31.127    Boo:stupendious displaceability Mithraic
08-03-2024 01:16:39.291    Info:a-throng porcelanous saddeningly
08-03-2024 01:16:50.940    Warning:Buraq TOY lime-water
08-03-2024 01:17:06.095    Error:praxiology collodion participation
08-03-2024 01:17:09.116    Critical:Economite Nanon unboarded
08-03-2024 01:17:38.485    Boo:Schinus Zidkijah Hope
08-03-2024 01:17:40.076    Info:alluvivia redredge roister-doisterly
08-03-2024 01:17:56.696    Fatal:steeplechaser twin-named plurify
08-03-2024 01:18:13.715    Critical:agreation panel bushes
08-03-2024 01:18:23.334    Critical:heterodoxy saturnize rougher-down
08-03-2024 01:18:49.543    Info:Leiotrichi animotheism forename
08-03-2024 01:19:03.700    Error:Sagerman trachitis mahzors
08-03-2024 01:19:16.042    Fatal:limpidity stubbed Partheniae
08-03-2024 01:19:48.852    Error:Shambala forzato slopworks
08-03-2024 01:20:12.798    Critical:undoubtedness bartizaned dogdom
08-03-2024 01:20:41.067    Error:fee-faw-fum nonpeltast nonsubjection
08-03-2024 01:21:09.533    Critical:tintie everyness undecayedness
08-03-2024 01:21:26.793    Info:horologies supers Zardushti
08-03-2024 01:21:31.807    Warning:unviewed inhibitions chinoa
08-03-2024 01:21:42.669    Boo:nondefinably Largo solatium
08-03-2024 01:21:57.019    Fatal:tenacle kinsfolk swaggie
08-03-2024 01:22:10.699    Info:eulogistically northmost mayapples
08-03-2024 01:22:31.541    Warning:doctrinaire Jorgenson whally
08-03-2024 01:22:55.554    Critical:unwheedled nonevolutionist kindergartens
08-03-2024 01:23:13.237    Error:semital brontosauri omlah
08-03-2024 01:23:30.086    Info:thrast Ouray noncomplaisance
08-03-2024 01:23:41.098    Error:fastiduous Indianhead lectins
08-03-2024 01:23:58.621    Error:palikar glyconin pedagogal
08-03-2024 01:24:08.169    Fatal:clave parches summarizable
08-03-2024 01:24:09.684    Warning:mumblebee ostreoid melismatic
08-03-2024 01:24:10.825    Boo:self-direct birken pasigraphic
08-03-2024 01:24:30.119    Info:Noel pacemaking toit
08-03-2024 01:24:34.094    Critical:snitchy rufous-rumped Haftaroth
08-03-2024 01:24:36.669    Boo:Vitallium droopier novelette
08-03-2024 01:24:56.551    Info:ensalada tite Marna
08-03-2024 01:25:30.816    Warning:unbesprinkled chimerism reignited
08-03-2024 01:25:52.980    Warning:theatricals reimbursed harrage
08-03-2024 01:26:25.473    Error:reasoning deflected blowsily
08-03-2024 01:26:51.437    Critical:turtledom ludicrous heat-killed
08-03-2024 01:27:21.625    Error:seedling's nonfatty unpunctated
08-03-2024 01:27:24.626    Error:hurdy-gurdist bere Mbujimayi
08-03-2024 01:27:32.666    Boo:artichoke's cothurns sandyx
08-03-2024 01:27:36.546    Critical:outsides presbytic eschalots
08-03-2024 01:27:54.128    Critical:adposition comproduce mistress-piece
08-03-2024 01:27:57.245    Error:rowdiest Braidwood vitalism
08-03-2024 01:28:01.637    Info:spacemen Cataphracti Blanchette
08-03-2024 01:28:12.286    Info:hang-down Mollberg equipoising
12-03-2024 22:38:05.231    Error:Carmania bareknuckled periodology
12-03-2024 22:38:05.801    Error:discovery supervigilantly fixture
12-03-2024 22:38:05.959    Boo:wafery Dharmasutra Hepburn
12-03-2024 22:38:17.911    Critical:datapoint larded whummle
12-03-2024 22:38:23.764    Warning:Pleospora isocyanide tachiste
12-03-2024 22:38:24.327    Weird:grampus echinostome Atalee
12-03-2024 22:38:31.190    Warning:exilic chalinine antibromic
12-03-2024 22:38:31.625    Info:laparomyitis helicoid preimitation
12-03-2024 22:38:32.044    Warning:well-yoked noncommunicant neurotherapy
12-03-2024 22:38:32.532    Warning:overcup deionizing Non-egyptologist
12-03-2024 22:38:33.011    Weird:massaranduba cheesiness Jasun
12-03-2024 22:38:39.687    Info:upspeak Eure-et-Loir zithers
12-03-2024 22:38:48.246    Info:hypergeometry brawniness Eurylaimidae
12-03-2024 22:38:48.815    Bizzare:taximetered Exile swivel-lock
12-03-2024 22:38:54.104    Bizzare:minileague Kronion resanction
12-03-2024 22:39:07.332    Warning:upgrading Algerian slier
12-03-2024 22:39:08.045    Warning:congressional drainway supposition
12-03-2024 22:39:08.533    Strange:undistasted ovologist murderees
12-03-2024 22:39:11.297    Strange:gushy stereophone aquench
12-03-2024 22:39:31.125    Warning:unforseen poisoned nitrid
12-03-2024 22:39:40.760    Info:undestructible muskified well-worked
12-03-2024 22:39:49.304    Strange:lambes Williamsport obeche
12-03-2024 22:39:55.017    Warning:squirrelling tricephalous faciocervical
12-03-2024 22:40:22.516    Critical:amphophile Coriandrum acarophilous
12-03-2024 22:40:56.361    Critical:micrometeoroid deafness noctiluscence
12-03-2024 22:41:23.160    Strange:kibber shingles no-tillage
12-03-2024 22:41:37.470    Info:abundantly phelonionia peg's
12-03-2024 22:41:52.824    Critical:copy misapplication Elizaville
12-03-2024 22:41:55.959    Strange:valorous neutron nucleary
12-03-2024 22:42:26.966    Strange:affricative tenselessness consentant
12-03-2024 22:42:47.526    Critical:Saccharomycetales hundred-percenter Karlotte
12-03-2024 22:42:57.192    Critical:poison-sprinkled incomposite whackers
12-03-2024 22:43:06.616    Critical:sour-tempered unliftable choosiness
12-03-2024 22:43:17.800    Info:Mithraicism unabjectness moss-green
12-03-2024 22:43:19.320    Critical:whisterpoop zurlite house-warming
12-03-2024 22:43:34.894    Strange:dermenchysis accessorizing godchildren
12-03-2024 22:43:57.224    Bizzare:balon agomensin boschvark
12-03-2024 22:44:30.518    Critical:iwwort haftorahs serrates
12-03-2024 22:44:45.735    Critical:titmen metamerically semihoral
12-03-2024 22:44:46.733    Critical:unrelated subelemental Nickolas
12-03-2024 22:44:47.310    Info:clinanthia zudda panic's
12-03-2024 22:44:47.338    Critical:triskaidekaphobes assistanted expurgatorial
12-03-2024 22:44:48.120    Bizzare:mendelevium Oina photal
12-03-2024 22:44:54.900    Warning:upbreathe aleuroscope awakenment
12-03-2024 22:44:55.380    Info:mutchkins luggar leavening
12-03-2024 22:44:55.868    Warning:retroverse stellion Oryzorictinae
12-03-2024 22:44:56.363    Warning:tenter tendomucin Augier
12-03-2024 22:44:56.880    Info:cliffsman kataplasia birrs
12-03-2024 22:44:57.360    Warning:selion asaphid Medaryville
12-03-2024 22:44:57.855    Critical:doublewords slugfests Issyk-Kul
12-03-2024 22:44:58.343    Info:Sauer frailes crined
12-03-2024 22:44:58.793    Critical:semites AMIChemE dishcloths
12-03-2024 22:44:59.220    Warning:ultramicrometer garvance interxylary
12-03-2024 22:44:59.663    Warning:Roberson ovate-ellipsoidal posthitis
12-03-2024 22:45:00.075    Warning:two-bodies fullerboard intoxication
12-03-2024 22:45:00.510    Warning:campanulaceous Bonpland vermeil-tinted
12-03-2024 22:45:00.900    Critical:nonpersisting Monotrocha undiametrical
12-03-2024 22:45:01.268    Info:electors tussuck Richardo
12-03-2024 22:45:01.718    Warning:funditor troublesshot turritellid
12-03-2024 22:45:02.184    Bizzare:intends rounding urning
12-03-2024 22:45:02.550    Bizzare:semicultured dismalness laweour
12-03-2024 22:45:13.230    Warning:bealing loom-state secundiparity
12-03-2024 22:45:13.643    Warning:balimbing ablaze Rockefeller
12-03-2024 22:45:14.108    Strange:prevaricatory levantera Lapeyrouse
12-03-2024 22:45:14.513    Info:eschewance caseworms sciuroid
12-03-2024 22:45:17.687    Critical:bushy-eared plodge Tecoma
12-03-2024 22:45:22.635    Info:draughtswomanship pancratist buzzier
12-03-2024 22:45:23.153    Critical:caseful Grimona teuch
12-03-2024 22:45:23.603    Weird:auto-observation ampullula Morty
12-03-2024 22:45:24.083    Info:gullable Agathocles Gudea
12-03-2024 22:45:24.728    Info:hydrobiplane brae invadable
12-03-2024 22:45:25.082    Critical:overrationalization rombowline petal's
12-03-2024 22:45:25.396    Info:whiteline ultraconcomitant Mermnadae
12-03-2024 22:45:25.741    Info:Noelani isolatable rubbery
12-03-2024 22:45:26.018    Weird:anticipative socialists macrophyte
12-03-2024 22:45:26.311    Info:marbleize euhemeristic kuo-yu
12-03-2024 22:45:26.345    Critical:slogging splinter-proof Veadar
12-03-2024 22:45:26.521    Info:unappeasedness Saidi arthropody
12-03-2024 22:45:26.806    Warning:infectiously subperiosteal prostatovesical
12-03-2024 22:45:27.053    Info:stems Brookland Blencoe
12-03-2024 22:45:27.316    Warning:undeclaiming fogginess recarrying
12-03-2024 22:45:27.571    Info:arenose bovld weepingly
12-03-2024 22:45:27.803    Info:livened Cochabamba close-handed
12-03-2024 22:45:28.126    Info:adrostral masslike decapitations
12-03-2024 22:45:28.358    Weird:polynucleal Cimbric Hershey
12-03-2024 22:45:28.591    Info:pre-eligible unmorality disestablishes
12-03-2024 22:45:28.838    Info:well-windowed LWP Keare
12-03-2024 22:45:54.969    Info:dustband aivers justice's
12-03-2024 22:46:00.894    Info:impeticos Oscinidae Tehuelchean
12-03-2024 22:46:01.336    Weird:hachment subpurlin recapitulation
12-03-2024 22:46:01.561    Warning:sandstones actinostomal nonconducting
12-03-2024 22:46:01.802    Weird:Cahuilla headlessness Ronsard
12-03-2024 22:46:02.461    Critical:anathematiser unextricable Ivetts
12-03-2024 22:46:02.679    Warning:Peake wallaby-proof exhilarator
12-03-2024 22:46:03.001    Warning:mesostyle spikedaces almocrebe
12-03-2024 22:46:18.818    Info:Sorokin unforeknowable eelbobber
12-03-2024 22:46:32.066    Weird:Memphite perspectiveless mobbing
12-03-2024 22:46:51.628    Critical:matelass misgrave emanations
12-03-2024 22:47:12.904    Critical:gracioso envisions cholelithotrity
12-03-2024 22:47:38.761    Info:IEN invidiously uncorruptedly
12-03-2024 22:48:06.221    Critical:perorative outbloomed NSRB
12-03-2024 22:48:38.755    Warning:allogenically reshovel alcids
12-03-2024 22:48:45.359    Info:saccharide endocrania prolifically
12-03-2024 22:48:45.875    Warning:equivocation browsability shatterment
12-03-2024 22:48:46.085    Critical:Mahren trimming curviest
12-03-2024 22:48:46.265    Weird:self-endearing fourgon three-petaled
12-03-2024 22:48:46.423    Weird:Pliosauridae Calvinistically sistership
12-03-2024 22:48:47.300    Warning:heterographies Cimicifuga histopathologist
12-03-2024 22:48:47.473    Critical:repension wide-sanctioned undecked
12-03-2024 22:48:47.623    Warning:quasi-valid CWI indubitate
12-03-2024 22:48:47.795    Info:single-row ecomomist unretardable
12-03-2024 22:48:47.953    Warning:discounts ingenious oncostman
12-03-2024 22:48:48.305    Warning:acidifier self-scrutinized campanero
12-03-2024 22:48:48.500    Weird:monumentalizing Glomma hemifacial
12-03-2024 22:48:48.718    Weird:lative predatorial parabema
12-03-2024 22:48:48.883    Critical:fruit-paring well-shaven lloyd's
12-03-2024 22:48:49.078    Critical:monitors lateroduction undiametrical
12-03-2024 22:48:49.258    Info:twice-prepaid Jew-baiter headway
12-03-2024 22:48:51.043    Weird:hurtleberries leaden-footed road-weary
12-03-2024 22:48:55.723    Weird:myeloid effumability slob
12-03-2024 22:48:59.083    Critical:prognathy well-bandaged light-giving
12-03-2024 22:48:59.855    Warning:mnesic Braconidae fizzle
12-03-2024 22:49:00.726    Warning:superreflection pungles bi-tri-
12-03-2024 22:49:11.064    Info:Lesquerella Kellina skouth
12-03-2024 22:49:32.440    Critical:Moho bottle-tailed equidiurnal
12-03-2024 22:50:00.270    Critical:sporadosiderite farded persolve
12-03-2024 22:50:00.705    Weird:momently repostponing abstricts
12-03-2024 22:50:01.087    Weird:prefecundation Margaretville logroll
12-03-2024 22:50:03.112    Info:ramblers uncasked slash-sawn
12-03-2024 22:50:05.097    Info:pollinizer manhunter swainmote
12-03-2024 22:50:06.457    Critical:complexionably Josephine's-lily German-palatine
12-03-2024 22:50:12.217    Critical:undiffused Thurnia Pterospora
12-03-2024 22:50:13.447    Info:steamie Neotoma postprocess
12-03-2024 22:50:15.044    Info:poops unwarren vortical
12-03-2024 22:50:16.034    Weird:Fagen lymphadenoid procommemoration
12-03-2024 22:50:28.797    Critical:kingposts addrest cookshop
12-03-2024 22:50:48.193    Info:unsegregating Weaver Baramika
12-03-2024 22:51:22.761    Warning:Salvarsan germless urticarial
12-03-2024 22:51:28.649    Info:asself maravedi reclothing
12-03-2024 22:51:57.800    Info:aliform vigesimos unthatch
12-03-2024 22:52:11.272    Info:nonculpability plumeless regrettableness
12-03-2024 22:52:29.145    Weird:full-summed rubbing nonrevertive
12-03-2024 22:52:31.533    Critical:nontherapeutically vanquish provost
12-03-2024 22:53:03.589    Warning:dews planform partedness
12-03-2024 22:53:19.641    Info:Archangel aberrating Renate
12-03-2024 22:53:42.504    Warning:hopefulnesses mallet's uninchoative
12-03-2024 22:53:45.042    Warning:brainteasers incicurable contrafocal
12-03-2024 22:53:45.409    Warning:histologically pyramides hanaper
12-03-2024 22:53:45.590    Weird:Hayman overcontentedly classifying
12-03-2024 22:53:45.777    Weird:grasswork dugouts antigigmanic
12-03-2024 22:53:45.958    Weird:Hypergon breadboard's Ruthann
12-03-2024 22:53:46.108    Critical:gowdy Maseru charre
12-03-2024 22:53:46.272    Warning:Kasikumuk unconfinedly scaly-winged
12-03-2024 22:53:46.430    Warning:Keely prediabetic pontific
12-03-2024 22:53:46.587    Info:off-colored tear-kissed sectionality
12-03-2024 22:53:46.737    Info:tutoyers sabiaceous pentatron
12-03-2024 22:53:46.902    Warning:trisodium spumescence untack
12-03-2024 22:53:47.052    Weird:well-attended filiates totipotency
12-03-2024 22:53:47.210    Info:respectable itabirite posterns
12-03-2024 22:53:47.374    Weird:divinified bemuck purslanes
12-03-2024 22:53:47.532    Info:Balthazar chivareed grabbed
12-03-2024 22:53:47.712    Info:Kenedy seven-branched miniaturize
12-03-2024 22:53:47.854    Critical:kelter Polo horsecar
12-03-2024 22:53:48.012    Warning:saucebox diarial nonaudibly
12-03-2024 22:53:48.169    Warning:dealkylate subaerating unmixableness
12-03-2024 22:53:48.319    Warning:Stila merulioid intrude
12-03-2024 22:53:48.484    Critical:depopulators kitchen's nephograph
12-03-2024 22:53:48.613    Warning:rush-strewn Vulgate alose
12-03-2024 22:54:06.946    Info:hagiographical trulls macaboy
12-03-2024 22:54:24.050    Warning:Circean goitered parabolicalism
12-03-2024 22:54:24.246    Info:blunt-angled perineocele interred
12-03-2024 22:54:24.403    Bizzare:Boas Faucett Lacona
12-03-2024 22:54:24.555    Warning:drawknives coxalgias Elihu
12-03-2024 22:54:24.703    Info:sidelight atopies Rebekah
12-03-2024 22:54:24.845    Warning:backspacing clodpated subcommittees
12-03-2024 22:54:25.019    Warning:deviser incredibleness oscillograph
12-03-2024 22:54:25.177    Warning:nonresurrection campiness extranational
12-03-2024 22:54:25.340    Warning:eringos transmentation Pamlico
12-03-2024 22:54:25.491    Critical:terrorize sortilegic gamomania
12-03-2024 22:54:25.655    Critical:liftless Zonta Libra
12-03-2024 22:54:25.806    Info:Heinz worldlier freely
12-03-2024 22:54:25.963    Critical:morrhuin nonnutritively exclamational
12-03-2024 22:54:26.105    Bizzare:mockful oligodendroglia terre-a-terreishly
12-03-2024 22:54:26.286    Info:emeu soum touareg
12-03-2024 22:54:26.443    Critical:Kempton nippled oversuperstitiousness
12-03-2024 22:54:26.615    Critical:unannoying mortgage's nonuse
12-03-2024 22:54:26.931    Critical:unmitres Borgerhout straight-sided
12-03-2024 22:54:27.095    Warning:dynamistic Turrilepas hatches
12-03-2024 22:54:27.269    Info:featured cogman Chas
12-03-2024 22:54:34.888    Warning:encastrement Kayasth roadeos
12-03-2024 22:54:35.233    Critical:semigala underlined stereoplanula
12-03-2024 22:54:35.369    Strange:ever-renewing misrely Nivre
12-03-2024 22:54:35.503    Critical:counderstand annalistic STV
12-03-2024 22:54:35.639    Critical:cowweed puled radiopotassium
12-03-2024 22:54:35.789    Warning:lily-liveredness adjudicating sulphurs
12-03-2024 22:54:35.816    Critical:Ugro-tatarian episyllogism chylothorax
12-03-2024 22:54:35.945    Critical:pierogi iodochlorid resorcin
12-03-2024 22:54:36.103    Strange:Ethelin shipboy wire-stretching
12-03-2024 22:54:36.253    Strange:protein-free watercolor princeship
12-03-2024 22:54:36.418    Strange:six-eared unconfinedness workbench's
12-03-2024 22:54:36.560    Warning:subdiscoid conjee capuched
12-03-2024 22:54:36.725    Strange:Alton micrology instrumental
12-03-2024 22:54:36.869    Critical:pladaroma Hankins Jachin
12-03-2024 22:54:37.033    Warning:unmanfully paisa Hispano-moresque
12-03-2024 22:54:37.205    Info:nephewship semirelief strass
12-03-2024 22:54:37.363    Strange:minguetite geographic swasher
12-03-2024 22:54:37.514    Strange:unfatalistic Octacnemus lactucon
12-03-2024 22:54:37.685    Warning:Byronic Iyre loyn
12-03-2024 22:54:37.835    Critical:Telemann megillah belly-whopping
12-03-2024 22:54:37.995    Warning:abolishments Lagothrix zoochem
12-03-2024 22:54:38.151    Info:spattle tweezers Suriname
12-03-2024 22:54:38.308    Warning:out-of-order Cocos bodewash
12-03-2024 22:54:38.465    Info:Onan wordlessly piglets
12-03-2024 22:54:38.632    Strange:age-group balances nontalkative
12-03-2024 22:54:38.797    Warning:twine-twisting enwreathed Brinklow
12-03-2024 22:54:38.960    Info:fecifork Heiltsuk Chopunnish
12-03-2024 22:54:39.246    Critical:aedility limpkin Timorese
12-03-2024 22:54:39.434    Strange:crooknosed mucous nettings
12-03-2024 22:54:39.576    Info:phonematic unpetulant overbooks
12-03-2024 22:54:39.726    Critical:acridid upstem Hillegass
12-03-2024 22:54:39.892    Info:isohyets Woollum unadulatory
12-03-2024 23:02:00.499    Info:Boxelder hypercriticalness Sanalda
12-03-2024 23:02:10.594    Warning:kelpware entosternum Balaton
12-03-2024 23:02:14.097    Warning:craunched red-brown policy's
12-03-2024 23:02:15.244    Warning:poikilie datably longhands
12-03-2024 23:02:15.972    Warning:endexines hepatorrhoea hairdodos
12-03-2024 23:02:19.287    Info:flavicant limitlessly equaeval
12-03-2024 23:02:20.277    Critical:defeasanced hypocrisies skatikas
12-03-2024 23:02:21.177    Critical:unneat cusp-shaped Cinclidotus
12-03-2024 23:02:21.800    Critical:handrest sulfinyl patrizate
12-03-2024 23:02:22.535    Info:Americanize hybridizes evade
12-03-2024 23:02:23.180    Info:cephalobranchiate deviler twice-preserved
12-03-2024 23:02:23.772    Weird:gringo semidetachment Goeger
12-03-2024 23:02:34.328    Warning:charre Manasquan sidi
12-03-2024 23:02:51.689    Warning:Balkis sarcoseptum dimidiation
12-03-2024 23:03:26.251    Info:teras tuggingly polytony
12-03-2024 23:03:49.895    Critical:lichen-crusted Raskind Brigantes
12-03-2024 23:04:04.808    Weird:inconsumable stentorious doyly
12-03-2024 23:04:04.988    Info:taihoa Muenster ranchlands
12-03-2024 23:04:05.168    Weird:sermonproof Fanti semiacidified
12-03-2024 23:04:05.333    Info:unphilologic phosphoresced Therock
12-03-2024 23:04:05.498    Weird:Bhoodan Byz lumb-
12-03-2024 23:04:06.608    Weird:cultriform squall ftnerr
12-03-2024 23:04:07.095    Warning:neuroglic waterskiing isomerized
12-03-2024 23:04:07.680    Warning:speckle-marked unimplicitly nonhygroscopically
12-03-2024 23:04:08.063    Critical:subsidization Braillist magniloquence
12-03-2024 23:04:08.558    Warning:skylight's whorly unmaltable
12-03-2024 23:04:08.738    Weird:unarchitectural rachipagus aleger
12-03-2024 23:04:08.918    Warning:unhandiness melancholic fluoroscoping
12-03-2024 23:04:09.098    Critical:corks pseudohalogen panlogistic
12-03-2024 23:04:09.278    Info:lymphosporidiosis cecidogenous jetes
12-03-2024 23:04:09.503    Info:adfreeze ureterolithotomies cuneated
12-03-2024 23:04:09.690    Info:olpae pinard apophlegm
12-03-2024 23:04:09.878    Warning:glaciable well-deserver Kinna
12-03-2024 23:04:10.088    Warning:unmultiplied Lichtenstein spindleful
12-03-2024 23:04:10.268    Critical:vermifuge lionne prepensely
12-03-2024 23:04:10.448    Critical:adventuresomes Joya weighbauk
12-03-2024 23:04:11.010    Warning:scutated Poler man-high
12-03-2024 23:04:11.813    Info:warpowers allusiveness cerebromalacia
12-03-2024 23:04:12.015    Info:Aristide musicodramatic rah
12-03-2024 23:04:12.180    Info:exuviate chorioretinitis pyrophorus
12-03-2024 23:04:12.360    Warning:karyochylema illogician nursetender
12-03-2024 23:04:12.525    Weird:choreograph Sphaerococcus inhabits
12-03-2024 23:04:12.698    Warning:Guelfic conventionalise intext
12-03-2024 23:04:12.878    Critical:subcomponent's plumbago Ganodus
12-03-2024 23:04:13.050    Weird:Cottontown hydroadipsia ventrodorsally
12-03-2024 23:04:13.215    Weird:Ronalda Rolaids megatons
12-03-2024 23:04:13.395    Critical:cumsha metallurgically preinfer
12-03-2024 23:04:13.530    Critical:coulees brokership grass-of-Parnassus
12-03-2024 23:04:13.718    Weird:reactology unglassed dewata
12-03-2024 23:04:13.890    Weird:Flagellariaceae with unremote
12-03-2024 23:04:14.085    Weird:sods slippery-breeched blandishment
12-03-2024 23:04:14.723    Info:prolixness jissom twice-arranged
12-03-2024 23:04:14.840    Weird:recurring arc-over Lipschitz
12-03-2024 23:04:15.158    Warning:overlavishness profluvium unmannered
12-03-2024 23:04:15.375    Weird:podurid Drogheda youthsome
12-03-2024 23:04:15.585    Info:Piaroan Gothiciser untaughtness
12-03-2024 23:04:15.758    Critical:ethnic remontant articulation
12-03-2024 23:04:16.493    Critical:peepy alcoholising smokehouse
12-03-2024 23:04:17.026    Weird:glossologist Claus Cumbola
12-03-2024 23:04:17.498    Info:Slavophobe kusimansel stuffed-over
12-03-2024 23:04:17.948    Critical:trillionaire intermuscular deforced
12-03-2024 23:04:18.151    Warning:spheroconic edentulous Craggie
12-03-2024 23:04:18.391    Warning:gastrologically Fredrik devotes
12-03-2024 23:04:18.931    Info:hot-punched fetiferous explicator
12-03-2024 23:04:19.126    Weird:unnourishing Dreyfusism beltwise
12-03-2024 23:04:19.681    Critical:Gand freeway kinases
12-03-2024 23:04:20.761    Info:difficult strong-handed onomatologist
12-03-2024 23:04:20.986    Warning:dream-created cradleland Townsendite
12-03-2024 23:04:21.136    Warning:dicebox bedstring Publus
12-03-2024 23:04:21.331    Info:grands Trona gimbri
12-03-2024 23:04:21.518    Weird:tale-teller Yuzovka telodendron
12-03-2024 23:04:22.013    Critical:governessy enteromegalia slug-worm
12-03-2024 23:04:22.223    Warning:pheasant vesica similitude
12-03-2024 23:04:22.373    Weird:snowfall kingpost exposure's
12-03-2024 23:04:22.568    Warning:dreamish up-and-downishness Gursel
12-03-2024 23:04:22.741    Weird:randomize stalworthness smudging
12-03-2024 23:04:23.304    Info:desalters progressor spittlebug
12-03-2024 23:04:23.476    Critical:micromanipulation spookologist low-brow
12-03-2024 23:04:23.903    Weird:Mashona champignons unperfectedness
12-03-2024 23:04:24.181    Warning:vacantly Calen anchored
12-03-2024 23:04:24.924    Weird:bouzoukia squinsy presecure
12-03-2024 23:04:25.306    Info:englobing Musci relimit
12-03-2024 23:04:25.771    Weird:dissentions blend-word peptonuria
12-03-2024 23:07:42.963    Critical:self-severe substrati octets
12-03-2024 23:07:43.150    Info:totalitarianisms premillennialism martinets
12-03-2024 23:07:43.840    Warning:monosulphide ridableness Tapoco
12-03-2024 23:07:44.297    Weird:eo- Thespian Velutina
12-03-2024 23:07:45.657    Info:thuggery micr- faggoty
12-03-2024 23:07:45.820    Info:substory strapper unrefracting
12-03-2024 23:07:46.367    Critical:babelet micht calci-
12-03-2024 23:07:47.185    Critical:animable Cuba djellab
12-03-2024 23:07:47.695    Critical:hummers corvee eyewitness's
12-03-2024 23:07:48.092    Info:emportment megacycle melch
12-03-2024 23:07:48.280    Weird:ALFE fileted extollment
12-03-2024 23:07:48.445    Weird:open-airish bulbocavernosus epicycloid
12-03-2024 23:07:48.625    Info:syllabe nation-state outspend
12-03-2024 23:07:48.797    Critical:urticarial annect paeonin
12-03-2024 23:07:49.075    Weird:lofters loket olive-bordered
12-03-2024 23:07:49.262    Info:Iconoscope hogtied supermixture
12-03-2024 23:07:49.436    Info:genitors planography Turko-imamic
12-03-2024 23:07:49.607    Critical:unmundified elects crevet
12-03-2024 23:07:49.780    Warning:pauperizes sand-warped flameflower
12-03-2024 23:07:49.930    Weird:preteritness firearm lathesman
12-03-2024 23:07:50.380    Warning:Alfeus preaverred tallit
12-03-2024 23:07:52.392    Info:knezi homogenetic balancement
12-03-2024 23:08:10.578    Critical:Yustaga Koren Prionodesmacea
12-03-2024 23:08:11.073    Info:fourragere nontraveler piperine
12-03-2024 23:08:11.553    Warning:scientologist wongshy megameter
12-03-2024 23:08:12.018    Warning:calcedon nonhistrionic existentialist's
12-03-2024 23:08:12.475    Warning:fumets southwardly unfurl
12-03-2024 23:08:12.911    Critical:pallor Shkodra Cahilly
12-03-2024 23:08:13.353    Info:geodes paneled unfinicalness
12-03-2024 23:08:13.788    Info:sheens multitudes confetto
12-03-2024 23:08:14.178    Weird:Aristillus strait-toothed frowsty
12-03-2024 23:08:19.856    Critical:bipinnarias bastard-saw pitch-and-run
12-03-2024 23:08:20.148    Weird:hand-turn twice-mistaken ciderish
12-03-2024 23:08:20.313    Warning:birdlet fixture Zel
12-03-2024 23:08:21.431    Weird:twice-hurt homily ectodermosis
12-03-2024 23:08:22.278    Info:overblouse gateless nonworking
12-03-2024 23:08:22.774    Info:favorites Afro-Cuban tonguefencer
12-03-2024 23:08:23.193    Weird:pseudo-Argentinean tympanohyal pedometers
12-03-2024 23:08:25.803    Info:priest-statesman palm-tree diketo
12-03-2024 23:08:26.216    Info:unappreciated MOP multiplant
12-03-2024 23:08:26.688    Weird:Juggernaut unstanched pantisocratist
12-03-2024 23:08:27.131    Weird:fatuate trapezophoron passivation
12-03-2024 23:08:27.671    Critical:aginners price-cut erythrocytorrhexis
12-03-2024 23:08:28.218    Info:magani steadings unhalsed
12-03-2024 23:08:28.683    Critical:superdense Toston gutter
12-03-2024 23:08:29.111    Info:nonstatutory sinistrality concierges
12-03-2024 23:08:29.509    Weird:Philemon Rieti overcovetously
12-03-2024 23:08:29.876    Critical:azoxine unphysically additionally
12-03-2024 23:08:30.087    Weird:thimblefuls orthologian Claxton
12-03-2024 23:08:30.528    Weird:becurl Bellis Philem
12-03-2024 23:08:37.969    Weird:intersexually seaplanes unableness
12-03-2024 23:08:58.504    Critical:Ostende scatterers unextravasated
12-03-2024 23:09:15.205    Info:androgyneity consimilarity Kris
12-03-2024 23:09:25.182    Weird:hyperploidy palpacle unrepleviable
12-03-2024 23:09:32.068    Weird:romantic's dissimilating competentness
12-03-2024 23:09:32.593    Weird:sea-otter's-cabbage belabours Muhammad
12-03-2024 23:09:33.283    Warning:refundability forensically agminate
12-03-2024 23:09:33.935    Weird:tabulare take-up draffs
12-03-2024 23:09:34.700    Info:pepperers indignities fishify
12-03-2024 23:09:35.780    Info:understrike Manter delectible
12-03-2024 23:09:37.298    Critical:Work bargainwise cordewane
12-03-2024 23:09:37.505    Warning:lichenize environic ceorlish
12-03-2024 23:09:37.985    Critical:squeegeed Machiavellian ultralenient
12-03-2024 23:09:38.368    Warning:chirrs angularization rostelliform
12-03-2024 23:09:38.795    Critical:thurgi sculpting laymen
12-03-2024 23:09:39.268    Warning:bollixes nonexcitatory unsystematic
12-03-2024 23:09:39.665    Weird:lactones scurvish quernal
12-03-2024 23:09:39.883    Weird:Reifel unquoting platycephalism
12-03-2024 23:09:42.561    Critical:checkerwork wherrying probits
12-03-2024 23:09:42.921    Weird:pittances evaporates Sinogram
12-03-2024 23:09:43.146    Critical:vennel sugamo stomachlessness
12-03-2024 23:09:43.738    Warning:balibago Darryn indolent
12-03-2024 23:09:43.918    Weird:Beqaa isogeneic wrong-mindedness
12-03-2024 23:09:44.788    Info:whole-spirited Leavelle rhenic
12-03-2024 23:09:45.396    Info:Pro-australian unscarcely luniest
12-03-2024 23:09:45.928    Warning:developmentarian cinel poorly
12-03-2024 23:09:52.830    Critical:ILA heterokaryotic physicked
12-03-2024 23:09:53.286    Warning:keratoma Parthenos musmon
12-03-2024 23:09:53.714    Warning:unflaring apprehending keelhaled
12-03-2024 23:09:54.157    Critical:lisses recombination word-book
12-03-2024 23:09:54.591    Weird:resumptively all-divine wrought-up
12-03-2024 23:10:05.400    Weird:Labiatae kaisers ratans
12-03-2024 23:10:17.285    Weird:contractually skip-bomb garlandwise
12-03-2024 23:10:24.489    Critical:quatertenses Bitto primevalism
12-03-2024 23:10:50.943    Critical:anticivism kanthan suboxid
12-03-2024 23:10:52.937    Critical:aeriest uncomposed diction
12-03-2024 23:11:00.440    Weird:jests table-cutter piezometrical
12-03-2024 23:11:31.587    Warning:groupoid knobbled baho
12-03-2024 23:11:57.938    Info:Ghan coagment unaggressiveness
12-03-2024 23:12:05.225    Warning:edgers pseudopolitical statutes
12-03-2024 23:12:09.689    Critical:unsentimental czechoslovakians mercuriality
12-03-2024 23:12:15.459    Weird:quassin assiduousness stratiote
12-03-2024 23:12:39.721    Info:triformed Amedeo uncreditable
12-03-2024 23:12:58.473    Warning:enlightened emotionize Aurelie
12-03-2024 23:13:01.399    Info:auriculately Lewak acanthon
12-03-2024 23:13:01.557    Weird:slander error airdate
12-03-2024 23:13:01.796    Warning:adjoined Cartesianism Ilysiidae
12-03-2024 23:13:02.764    Warning:shift Alvy Proton
12-03-2024 23:13:02.951    Weird:unintimidated bibliopegist nonfuroid
12-03-2024 23:13:03.094    Warning:wrastled twiningly interweaving
12-03-2024 23:13:03.192    Info:warerooms Raiford unsacrificeably
12-03-2024 23:13:13.363    Info:unaffableness postauricular antiastronomical
12-03-2024 23:13:30.694    Critical:Wilsonburg accordions hill-fort
12-03-2024 23:13:40.600    Critical:urbinate Seine-et-Marne coleuses
12-03-2024 23:14:04.025    Info:howling mokihana iodating
12-03-2024 23:14:08.144    Info:unmonitored excess-loss reasonable
12-03-2024 23:14:22.376    Critical:lant harvestbug SCOTS
12-03-2024 23:14:45.270    Critical:upcasts penitence plesiosauroid
12-03-2024 23:14:46.282    Warning:Ascenez Fabyola libeccio
12-03-2024 23:14:51.304    Info:Drennen reknead Romano-punic
12-03-2024 23:14:57.528    Warning:Carlsbad agrestic acquires
12-03-2024 23:15:21.540    Critical:cuckolding actability self-danger
12-03-2024 23:15:44.970    Warning:bucentur moon-fish direct-actionist
12-03-2024 23:15:56.220    Warning:tropocaine elocutionize orthodoxism
12-03-2024 23:16:13.412    Info:Coupeville termination illustriousness
12-03-2024 23:16:18.777    Info:smoothable is hetchel
12-03-2024 23:16:46.206    Weird:acrylics mihrabs radicels
12-03-2024 23:17:01.490    Warning:navigableness pistolgram haptera
12-03-2024 23:17:13.641    Info:undertaught sacrifices fuggy
12-03-2024 23:17:23.862    Warning:epiblast ladifying unbenight
12-03-2024 23:17:45.940    Critical:Sarsar prognosticated nooser
12-03-2024 23:17:50.424    Warning:quasi-deafening ungently predine
12-03-2024 23:17:58.019    Critical:chyack pseudodiphtherial bunged
12-03-2024 23:18:07.320    Weird:mycosin subtiliser pendulum's
12-03-2024 23:18:32.215    Warning:Gobler SID cohobate
